<?xml version="1.0" encoding="UTF-8"?>
<!-- Generated by org.testng.reporters.JUnitReportReporter -->
<testsuite hostname="ABINAYAs-MacBook-Pro.local" failures="0" tests="1" name="airlines_testScenario.createAirline" time="1.383" errors="0" timestamp="2023-02-25T18:00:09 IST" skipped="0">
  <testcase classname="airlines_testScenario.createAirline" name="createAirlineData" time="1.383"/>
  <system-out/>
</testsuite> <!-- airlines_testScenario.createAirline -->
