<?xml version="1.0" encoding="UTF-8"?>
<!-- Generated by org.testng.reporters.JUnitReportReporter -->
<testsuite hostname="ABINAYAs-MacBook-Pro.local" failures="0" tests="1" name="passenger_testScenario.updateAPassenger" time="0.955" errors="0" timestamp="2023-02-25T17:40:48 IST" skipped="0">
  <testcase classname="passenger_testScenario.updateAPassenger" name="updateWholePassenger" time="0.955"/>
  <system-out/>
</testsuite> <!-- passenger_testScenario.updateAPassenger -->
